# JRE version: OpenJDK Runtime Environment Temurin-17.0.6+10 (17.0.6+10) (build 17.0.6+10)
# Java VM: OpenJDK 64-Bit Server VM Temurin-17.0.6+10 (17.0.6+10, mixed mode, emulated-client, tiered, compressed oops, compressed class ptrs, g1 gc, windows-amd64)
GC Precious Log:
 CPUs: 8 total, 8 available
 Memory: 16254M
 Large Page Support: Disabled
 NUMA Support: Disabled
 Compressed Oops: Enabled (Zero based)
 Heap Region Size: 2M
 Heap Min Capacity: 8M
 Heap Initial Capacity: 254M
 Heap Max Capacity: 4064M
 Pre-touch: Disabled
 Parallel Workers: 8
 Concurrent Workers: 2
 Concurrent Refinement Workers: 8
 Periodic GC: Disabled
Heap:
 garbage-first heap   total 69632K, used 24495K [0x0000000702000000, 0x0000000800000000)
  region size 2048K, 4 young (8192K), 2 survivors (4096K)
 Metaspace       used 62501K, committed 63040K, reserved 1105920K
  class space    used 8445K, committed 8704K, reserved 1048576K
GC Heap History (20 events):
Event: 1.087 GC heap before
{Heap before GC invocations=5 (full 0):
 garbage-first heap   total 40960K, used 11906K [0x0000000702000000, 0x0000000800000000)
  region size 2048K, 3 young (6144K), 2 survivors (4096K)
 Metaspace       used 26382K, committed 26624K, reserved 1073152K
  class space    used 3113K, committed 3200K, reserved 1048576K
}
Event: 1.089 GC heap after
{Heap after GC invocations=6 (full 0):
 garbage-first heap   total 40960K, used 10274K [0x0000000702000000, 0x0000000800000000)
  region size 2048K, 1 young (2048K), 1 survivors (2048K)
 Metaspace       used 26382K, committed 26624K, reserved 1073152K
  class space    used 3113K, committed 3200K, reserved 1048576K
}
Event: 1.282 GC heap before
{Heap before GC invocations=6 (full 0):
 garbage-first heap   total 40960K, used 26658K [0x0000000702000000, 0x0000000800000000)
  region size 2048K, 9 young (18432K), 1 survivors (2048K)
 Metaspace       used 27674K, committed 27904K, reserved 1073152K
  class space    used 3298K, committed 3392K, reserved 1048576K
}
Event: 1.284 GC heap after
{Heap after GC invocations=7 (full 0):
 garbage-first heap   total 151552K, used 11176K [0x0000000702000000, 0x0000000800000000)
  region size 2048K, 1 young (2048K), 1 survivors (2048K)
 Metaspace       used 27674K, committed 27904K, reserved 1073152K
  class space    used 3298K, committed 3392K, reserved 1048576K
}
Event: 2.066 GC heap before
{Heap before GC invocations=7 (full 0):
 garbage-first heap   total 151552K, used 72616K [0x0000000702000000, 0x0000000800000000)
  region size 2048K, 32 young (65536K), 1 survivors (2048K)
 Metaspace       used 35748K, committed 36160K, reserved 1081344K
  class space    used 4481K, committed 4672K, reserved 1048576K
}
Event: 2.072 GC heap after
{Heap after GC invocations=8 (full 0):
 garbage-first heap   total 151552K, used 16261K [0x0000000702000000, 0x0000000800000000)
  region size 2048K, 4 young (8192K), 4 survivors (8192K)
 Metaspace       used 35748K, committed 36160K, reserved 1081344K
  class space    used 4481K, committed 4672K, reserved 1048576K
}
Event: 2.508 GC heap before
{Heap before GC invocations=9 (full 0):
 garbage-first heap   total 69632K, used 49029K [0x0000000702000000, 0x0000000800000000)
  region size 2048K, 20 young (40960K), 4 survivors (8192K)
 Metaspace       used 43869K, committed 44352K, reserved 1089536K
  class space    used 5540K, committed 5760K, reserved 1048576K
}
Event: 2.512 GC heap after
{Heap after GC invocations=10 (full 0):
 garbage-first heap   total 69632K, used 18019K [0x0000000702000000, 0x0000000800000000)
  region size 2048K, 2 young (4096K), 2 survivors (4096K)
 Metaspace       used 43869K, committed 44352K, reserved 1089536K
  class space    used 5540K, committed 5760K, reserved 1048576K
}
Event: 2.544 GC heap before
{Heap before GC invocations=10 (full 0):
 garbage-first heap   total 69632K, used 20067K [0x0000000702000000, 0x0000000800000000)
  region size 2048K, 3 young (6144K), 2 survivors (4096K)
 Metaspace       used 44304K, committed 44736K, reserved 1089536K
  class space    used 5608K, committed 5824K, reserved 1048576K
}
Event: 2.547 GC heap after
{Heap after GC invocations=11 (full 0):
 garbage-first heap   total 69632K, used 18514K [0x0000000702000000, 0x0000000800000000)
  region size 2048K, 1 young (2048K), 1 survivors (2048K)
 Metaspace       used 44304K, committed 44736K, reserved 1089536K
  class space    used 5608K, committed 5824K, reserved 1048576K
}
Event: 2.932 GC heap before
{Heap before GC invocations=11 (full 0):
 garbage-first heap   total 69632K, used 45138K [0x0000000702000000, 0x0000000800000000)
  region size 2048K, 15 young (30720K), 1 survivors (2048K)
 Metaspace       used 52379K, committed 52928K, reserved 1097728K
  class space    used 6850K, committed 7104K, reserved 1048576K
}
Event: 2.935 GC heap after
{Heap after GC invocations=12 (full 0):
 garbage-first heap   total 69632K, used 19570K [0x0000000702000000, 0x0000000800000000)
  region size 2048K, 1 young (2048K), 1 survivors (2048K)
 Metaspace       used 52379K, committed 52928K, reserved 1097728K
  class space    used 6850K, committed 7104K, reserved 1048576K
}
Event: 3.381 GC heap before
{Heap before GC invocations=12 (full 0):
 garbage-first heap   total 69632K, used 50290K [0x0000000702000000, 0x0000000800000000)
  region size 2048K, 16 young (32768K), 1 survivors (2048K)
 Metaspace       used 59212K, committed 59776K, reserved 1105920K
  class space    used 7928K, committed 8192K, reserved 1048576K
}
Event: 3.384 GC heap after
{Heap after GC invocations=13 (full 0):
 garbage-first heap   total 69632K, used 21080K [0x0000000702000000, 0x0000000800000000)
  region size 2048K, 2 young (4096K), 2 survivors (4096K)
 Metaspace       used 59212K, committed 59776K, reserved 1105920K
  class space    used 7928K, committed 8192K, reserved 1048576K
}
Event: 3.498 GC heap before
{Heap before GC invocations=13 (full 0):
 garbage-first heap   total 69632K, used 29272K [0x0000000702000000, 0x0000000800000000)
  region size 2048K, 7 young (14336K), 2 survivors (4096K)
 Metaspace       used 60249K, committed 60736K, reserved 1105920K
  class space    used 8086K, committed 8320K, reserved 1048576K
}
Event: 3.501 GC heap after
{Heap after GC invocations=14 (full 0):
 garbage-first heap   total 69632K, used 22112K [0x0000000702000000, 0x0000000800000000)
  region size 2048K, 2 young (4096K), 2 survivors (4096K)
 Metaspace       used 60249K, committed 60736K, reserved 1105920K
  class space    used 8086K, committed 8320K, reserved 1048576K
}
Event: 42.404 GC heap before
{Heap before GC invocations=15 (full 0):
 garbage-first heap   total 69632K, used 46688K [0x0000000702000000, 0x0000000800000000)
  region size 2048K, 15 young (30720K), 2 survivors (4096K)
 Metaspace       used 62484K, committed 63040K, reserved 1105920K
  class space    used 8441K, committed 8704K, reserved 1048576K
}
Event: 42.445 GC heap after
{Heap after GC invocations=16 (full 1):
 garbage-first heap   total 69632K, used 19743K [0x0000000702000000, 0x0000000800000000)
  region size 2048K, 0 young (0K), 0 survivors (0K)
 Metaspace       used 62484K, committed 63040K, reserved 1105920K
  class space    used 8441K, committed 8704K, reserved 1048576K
}
Event: 42.875 GC heap before
{Heap before GC invocations=16 (full 1):
 garbage-first heap   total 69632K, used 48415K [0x0000000702000000, 0x0000000800000000)
  region size 2048K, 15 young (30720K), 0 survivors (0K)
 Metaspace       used 62501K, committed 63040K, reserved 1105920K
  class space    used 8445K, committed 8704K, reserved 1048576K
}
Event: 42.877 GC heap after
{Heap after GC invocations=17 (full 1):
 garbage-first heap   total 69632K, used 22447K [0x0000000702000000, 0x0000000800000000)
  region size 2048K, 2 young (4096K), 2 survivors (4096K)
 Metaspace       used 62501K, committed 63040K, reserved 1105920K
  class space    used 8445K, committed 8704K, reserved 1048576K
}

