# JRE version: OpenJDK Runtime Environment Temurin-17.0.6+10 (17.0.6+10) (build 17.0.6+10)
# Java VM: OpenJDK 64-Bit Server VM Temurin-17.0.6+10 (17.0.6+10, mixed mode, emulated-client, tiered, compressed oops, compressed class ptrs, g1 gc, windows-amd64)
GC Precious Log:
 CPUs: 8 total, 8 available
 Memory: 16254M
 Large Page Support: Disabled
 NUMA Support: Disabled
 Compressed Oops: Enabled (Zero based)
 Heap Region Size: 2M
 Heap Min Capacity: 8M
 Heap Initial Capacity: 254M
 Heap Max Capacity: 4064M
 Pre-touch: Disabled
 Parallel Workers: 8
 Concurrent Workers: 2
 Concurrent Refinement Workers: 8
 Periodic GC: Disabled
Heap:
 garbage-first heap   total 151552K, used 60248K [0x0000000702000000, 0x0000000800000000)
  region size 2048K, 28 young (57344K), 4 survivors (8192K)
 Metaspace       used 35744K, committed 36160K, reserved 1081344K
  class space    used 4477K, committed 4672K, reserved 1048576K
GC Heap History (13 events):
Event: 0.713 GC heap before
{Heap before GC invocations=0 (full 0):
 garbage-first heap   total 260096K, used 20480K [0x0000000702000000, 0x0000000800000000)
  region size 2048K, 11 young (22528K), 0 survivors (0K)
 Metaspace       used 15094K, committed 15360K, reserved 1064960K
  class space    used 1586K, committed 1728K, reserved 1048576K
}
Event: 0.717 GC heap after
{Heap after GC invocations=1 (full 0):
 garbage-first heap   total 260096K, used 6999K [0x0000000702000000, 0x0000000800000000)
  region size 2048K, 2 young (4096K), 2 survivors (4096K)
 Metaspace       used 15094K, committed 15360K, reserved 1064960K
  class space    used 1586K, committed 1728K, reserved 1048576K
}
Event: 1.044 GC heap before
{Heap before GC invocations=1 (full 0):
 garbage-first heap   total 260096K, used 27479K [0x0000000702000000, 0x0000000800000000)
  region size 2048K, 12 young (24576K), 2 survivors (4096K)
 Metaspace       used 19223K, committed 19520K, reserved 1073152K
  class space    used 2203K, committed 2368K, reserved 1048576K
}
Event: 1.047 GC heap after
{Heap after GC invocations=2 (full 0):
 garbage-first heap   total 260096K, used 8479K [0x0000000702000000, 0x0000000800000000)
  region size 2048K, 1 young (2048K), 1 survivors (2048K)
 Metaspace       used 19223K, committed 19520K, reserved 1073152K
  class space    used 2203K, committed 2368K, reserved 1048576K
}
Event: 1.109 GC heap before
{Heap before GC invocations=2 (full 0):
 garbage-first heap   total 260096K, used 16671K [0x0000000702000000, 0x0000000800000000)
  region size 2048K, 6 young (12288K), 1 survivors (2048K)
 Metaspace       used 21245K, committed 21568K, reserved 1073152K
  class space    used 2443K, committed 2624K, reserved 1048576K
}
Event: 1.111 GC heap after
{Heap after GC invocations=3 (full 0):
 garbage-first heap   total 260096K, used 8779K [0x0000000702000000, 0x0000000800000000)
  region size 2048K, 1 young (2048K), 1 survivors (2048K)
 Metaspace       used 21245K, committed 21568K, reserved 1073152K
  class space    used 2443K, committed 2624K, reserved 1048576K
}
Event: 1.297 GC heap before
{Heap before GC invocations=4 (full 0):
 garbage-first heap   total 40960K, used 27211K [0x0000000702000000, 0x0000000800000000)
  region size 2048K, 11 young (22528K), 1 survivors (2048K)
 Metaspace       used 25942K, committed 26176K, reserved 1073152K
  class space    used 3048K, committed 3136K, reserved 1048576K
}
Event: 1.300 GC heap after
{Heap after GC invocations=5 (full 0):
 garbage-first heap   total 40960K, used 10148K [0x0000000702000000, 0x0000000800000000)
  region size 2048K, 2 young (4096K), 2 survivors (4096K)
 Metaspace       used 25942K, committed 26176K, reserved 1073152K
  class space    used 3048K, committed 3136K, reserved 1048576K
}
Event: 1.488 GC heap before
{Heap before GC invocations=5 (full 0):
 garbage-first heap   total 40960K, used 26532K [0x0000000702000000, 0x0000000800000000)
  region size 2048K, 10 young (20480K), 2 survivors (4096K)
 Metaspace       used 27563K, committed 27840K, reserved 1073152K
  class space    used 3279K, committed 3392K, reserved 1048576K
}
Event: 1.490 GC heap after
{Heap after GC invocations=6 (full 0):
 garbage-first heap   total 40960K, used 11613K [0x0000000702000000, 0x0000000800000000)
  region size 2048K, 2 young (4096K), 2 survivors (4096K)
 Metaspace       used 27563K, committed 27840K, reserved 1073152K
  class space    used 3279K, committed 3392K, reserved 1048576K
}
Event: 1.661 GC heap before
{Heap before GC invocations=6 (full 0):
 garbage-first heap   total 40960K, used 23901K [0x0000000702000000, 0x0000000800000000)
  region size 2048K, 9 young (18432K), 2 survivors (4096K)
 Metaspace       used 28853K, committed 29120K, reserved 1081344K
  class space    used 3476K, committed 3584K, reserved 1048576K
}
Event: 1.664 GC heap after
{Heap after GC invocations=7 (full 0):
 garbage-first heap   total 151552K, used 12117K [0x0000000702000000, 0x0000000800000000)
  region size 2048K, 1 young (2048K), 1 survivors (2048K)
 Metaspace       used 28853K, committed 29120K, reserved 1081344K
  class space    used 3476K, committed 3584K, reserved 1048576K
}
Event: 2.359 GC heap before
{Heap before GC invocations=7 (full 0):
 garbage-first heap   total 151552K, used 59221K [0x0000000702000000, 0x0000000800000000)
  region size 2048K, 25 young (51200K), 1 survivors (2048K)
 Metaspace       used 35744K, committed 36160K, reserved 1081344K
  class space    used 4477K, committed 4672K, reserved 1048576K
}

